<?xml version="1.0" encoding="UTF-8"?>
<!-- Generated by org.testng.reporters.JUnitReportReporter -->
<testsuite hostname="BLRJPT1433L" name="com.guri.holidays.study.SumTest" tests="3" failures="0" timestamp="26 Dec 2018 00:07:37 GMT" time="0.002" errors="0">
  <testcase name="testCase3" time="0.000" classname="com.guri.holidays.study.SumTest"/>
  <testcase name="testCase1" time="0.002" classname="com.guri.holidays.study.SumTest"/>
  <testcase name="testCase2" time="0.000" classname="com.guri.holidays.study.SumTest"/>
</testsuite> <!-- com.guri.holidays.study.SumTest -->
